Resolving host "smtp.gmail.com:587" ... done
Connecting to "64.233.170.109:587" ...connected.
 Certificate depth 2 
  subject = /OU=GlobalSign Root CA - R2/O=GlobalSign/CN=GlobalSign
  notBefore = Dec 15 08:00:00 2006 GMT
  notAfter = Dec 15 08:00:00 2021 GMT
  issuer = /OU=GlobalSign Root CA - R2/O=GlobalSign/CN=GlobalSign
 Certificate depth 1 
  subject = /C=US/O=Google Trust Services/CN=GTS CA 1O1
  notBefore = Jun 15 00:00:42 2017 GMT
  notAfter = Dec 15 00:00:42 2021 GMT
  issuer = /OU=GlobalSign Root CA - R2/O=GlobalSign/CN=GlobalSign
 Certificate depth 0 
  subject = /C=US/ST=California/L=Mountain View/O=Google LLC/CN=smtp.gmail.com
  notBefore = Nov  5 07:45:23 2019 GMT
  notAfter = Jan 28 07:45:23 2020 GMT
  issuer = /C=US/O=Google Trust Services/CN=GTS CA 1O1
Comparing subject_alt_name: need<smtp.gmail.com> is<smtp.gmail.com>
Resolving host "smtp.gmail.com:587" ... done
Connecting to "172.217.203.109:587" ...connected.
 Certificate depth 2 
  subject = /OU=GlobalSign Root CA - R2/O=GlobalSign/CN=GlobalSign
  notBefore = Dec 15 08:00:00 2006 GMT
  notAfter = Dec 15 08:00:00 2021 GMT
  issuer = /OU=GlobalSign Root CA - R2/O=GlobalSign/CN=GlobalSign
 Certificate depth 1 
  subject = /C=US/O=Google Trust Services/CN=GTS CA 1O1
  notBefore = Jun 15 00:00:42 2017 GMT
  notAfter = Dec 15 00:00:42 2021 GMT
  issuer = /OU=GlobalSign Root CA - R2/O=GlobalSign/CN=GlobalSign
 Certificate depth 0 
  subject = /C=US/ST=California/L=Mountain View/O=Google LLC/CN=smtp.gmail.com
  notBefore = Nov  5 07:45:23 2019 GMT
  notAfter = Jan 28 07:45:23 2020 GMT
  issuer = /C=US/O=Google Trust Services/CN=GTS CA 1O1
Comparing subject_alt_name: need<smtp.gmail.com> is<smtp.gmail.com>
Resolving host "smtp.gmail.com:587" ... done
Connecting to "172.217.203.108:587" ...connected.
 Certificate depth 2 
  subject = /OU=GlobalSign Root CA - R2/O=GlobalSign/CN=GlobalSign
  notBefore = Dec 15 08:00:00 2006 GMT
  notAfter = Dec 15 08:00:00 2021 GMT
  issuer = /OU=GlobalSign Root CA - R2/O=GlobalSign/CN=GlobalSign
 Certificate depth 1 
  subject = /C=US/O=Google Trust Services/CN=GTS CA 1O1
  notBefore = Jun 15 00:00:42 2017 GMT
  notAfter = Dec 15 00:00:42 2021 GMT
  issuer = /OU=GlobalSign Root CA - R2/O=GlobalSign/CN=GlobalSign
 Certificate depth 0 
  subject = /C=US/ST=California/L=Mountain View/O=Google LLC/CN=smtp.gmail.com
  notBefore = Nov  5 07:45:23 2019 GMT
  notAfter = Jan 28 07:45:23 2020 GMT
  issuer = /C=US/O=Google Trust Services/CN=GTS CA 1O1
Comparing subject_alt_name: need<smtp.gmail.com> is<smtp.gmail.com>
Resolving host "smtp.gmail.com:587" ... done
Connecting to "172.217.203.108:587" ...connected.
 Certificate depth 2 
  subject = /OU=GlobalSign Root CA - R2/O=GlobalSign/CN=GlobalSign
  notBefore = Dec 15 08:00:00 2006 GMT
  notAfter = Dec 15 08:00:00 2021 GMT
  issuer = /OU=GlobalSign Root CA - R2/O=GlobalSign/CN=GlobalSign
 Certificate depth 1 
  subject = /C=US/O=Google Trust Services/CN=GTS CA 1O1
  notBefore = Jun 15 00:00:42 2017 GMT
  notAfter = Dec 15 00:00:42 2021 GMT
  issuer = /OU=GlobalSign Root CA - R2/O=GlobalSign/CN=GlobalSign
 Certificate depth 0 
  subject = /C=US/ST=California/L=Mountain View/O=Google LLC/CN=smtp.gmail.com
  notBefore = Nov  5 07:45:23 2019 GMT
  notAfter = Jan 28 07:45:23 2020 GMT
  issuer = /C=US/O=Google Trust Services/CN=GTS CA 1O1
Comparing subject_alt_name: need<smtp.gmail.com> is<smtp.gmail.com>
